<?xml version="1.0" encoding="UTF-8"?>
<coverage generated="1729431879354" clover="3.2.0">
  <project timestamp="1729431879354" name="All files">
    <metrics statements="131" coveredstatements="92" conditionals="21" coveredconditionals="18" methods="13" coveredmethods="11" elements="165" coveredelements="121" complexity="0" loc="131" ncloc="131" packages="2" files="9" classes="9"/>
    <package name="src">
      <metrics statements="39" coveredstatements="0" conditionals="3" coveredconditionals="1" methods="3" coveredmethods="1"/>
      <file name="App.tsx" path="/home/rasoul/dev/learning/react-vitest/src/App.tsx">
        <metrics statements="30" coveredstatements="0" conditionals="1" coveredconditionals="0" methods="1" coveredmethods="0"/>
        <line num="1" count="0" type="cond" truecount="0" falsecount="1"/>
        <line num="2" count="0" type="stmt"/>
        <line num="3" count="0" type="stmt"/>
        <line num="4" count="0" type="stmt"/>
        <line num="6" count="0" type="stmt"/>
        <line num="7" count="0" type="stmt"/>
        <line num="9" count="0" type="stmt"/>
        <line num="10" count="0" type="stmt"/>
        <line num="11" count="0" type="stmt"/>
        <line num="12" count="0" type="stmt"/>
        <line num="13" count="0" type="stmt"/>
        <line num="14" count="0" type="stmt"/>
        <line num="15" count="0" type="stmt"/>
        <line num="16" count="0" type="stmt"/>
        <line num="17" count="0" type="stmt"/>
        <line num="18" count="0" type="stmt"/>
        <line num="19" count="0" type="stmt"/>
        <line num="20" count="0" type="stmt"/>
        <line num="21" count="0" type="stmt"/>
        <line num="22" count="0" type="stmt"/>
        <line num="23" count="0" type="stmt"/>
        <line num="24" count="0" type="stmt"/>
        <line num="25" count="0" type="stmt"/>
        <line num="26" count="0" type="stmt"/>
        <line num="27" count="0" type="stmt"/>
        <line num="28" count="0" type="stmt"/>
        <line num="30" count="0" type="stmt"/>
        <line num="31" count="0" type="stmt"/>
        <line num="33" count="0" type="stmt"/>
        <line num="35" count="0" type="stmt"/>
      </file>
      <file name="entities.ts" path="/home/rasoul/dev/learning/react-vitest/src/entities.ts">
        <metrics statements="0" coveredstatements="0" conditionals="1" coveredconditionals="1" methods="1" coveredmethods="1"/>
      </file>
      <file name="main.tsx" path="/home/rasoul/dev/learning/react-vitest/src/main.tsx">
        <metrics statements="9" coveredstatements="0" conditionals="1" coveredconditionals="0" methods="1" coveredmethods="0"/>
        <line num="1" count="0" type="cond" truecount="0" falsecount="1"/>
        <line num="2" count="0" type="stmt"/>
        <line num="3" count="0" type="stmt"/>
        <line num="4" count="0" type="stmt"/>
        <line num="6" count="0" type="stmt"/>
        <line num="7" count="0" type="stmt"/>
        <line num="8" count="0" type="stmt"/>
        <line num="9" count="0" type="stmt"/>
        <line num="10" count="0" type="stmt"/>
      </file>
    </package>
    <package name="src.components">
      <metrics statements="92" coveredstatements="92" conditionals="18" coveredconditionals="17" methods="10" coveredmethods="10"/>
      <file name="Greet.tsx" path="/home/rasoul/dev/learning/react-vitest/src/components/Greet.tsx">
        <metrics statements="4" coveredstatements="4" conditionals="2" coveredconditionals="2" methods="1" coveredmethods="1"/>
        <line num="1" count="2" type="cond" truecount="1" falsecount="0"/>
        <line num="2" count="2" type="cond" truecount="1" falsecount="0"/>
        <line num="3" count="1" type="stmt"/>
        <line num="4" count="1" type="stmt"/>
      </file>
      <file name="ImageGallery.tsx" path="/home/rasoul/dev/learning/react-vitest/src/components/ImageGallery.tsx">
        <metrics statements="7" coveredstatements="7" conditionals="5" coveredconditionals="4" methods="1" coveredmethods="1"/>
        <line num="1" count="2" type="cond" truecount="1" falsecount="0"/>
        <line num="2" count="2" type="cond" truecount="1" falsecount="1"/>
        <line num="3" count="2" type="stmt"/>
        <line num="4" count="2" type="cond" truecount="2" falsecount="0"/>
        <line num="5" count="2" type="stmt"/>
        <line num="6" count="2" type="stmt"/>
        <line num="8" count="2" type="stmt"/>
      </file>
      <file name="LoginForm.tsx" path="/home/rasoul/dev/learning/react-vitest/src/components/LoginForm.tsx">
        <metrics statements="28" coveredstatements="28" conditionals="2" coveredconditionals="2" methods="2" coveredmethods="2"/>
        <line num="1" count="1" type="stmt"/>
        <line num="8" count="1" type="cond" truecount="1" falsecount="0"/>
        <line num="10" count="25" type="stmt"/>
        <line num="11" count="25" type="stmt"/>
        <line num="12" count="25" type="stmt"/>
        <line num="13" count="25" type="stmt"/>
        <line num="15" count="25" type="cond" truecount="1" falsecount="0"/>
        <line num="16" count="22" type="stmt"/>
        <line num="17" count="22" type="stmt"/>
        <line num="18" count="22" type="stmt"/>
        <line num="19" count="22" type="stmt"/>
        <line num="20" count="22" type="stmt"/>
        <line num="26" count="25" type="stmt"/>
        <line num="27" count="25" type="stmt"/>
        <line num="28" count="25" type="stmt"/>
        <line num="29" count="25" type="stmt"/>
        <line num="30" count="25" type="stmt"/>
        <line num="31" count="25" type="stmt"/>
        <line num="32" count="25" type="stmt"/>
        <line num="33" count="25" type="stmt"/>
        <line num="34" count="25" type="stmt"/>
        <line num="35" count="25" type="stmt"/>
        <line num="36" count="25" type="stmt"/>
        <line num="37" count="25" type="stmt"/>
        <line num="38" count="25" type="stmt"/>
        <line num="39" count="25" type="stmt"/>
        <line num="41" count="25" type="stmt"/>
        <line num="43" count="1" type="stmt"/>
      </file>
      <file name="SearchBox.tsx" path="/home/rasoul/dev/learning/react-vitest/src/components/SearchBox.tsx">
        <metrics statements="17" coveredstatements="17" conditionals="5" coveredconditionals="5" methods="3" coveredmethods="3"/>
        <line num="1" count="1" type="stmt"/>
        <line num="7" count="1" type="cond" truecount="1" falsecount="0"/>
        <line num="8" count="10" type="stmt"/>
        <line num="10" count="10" type="stmt"/>
        <line num="11" count="10" type="stmt"/>
        <line num="12" count="10" type="stmt"/>
        <line num="13" count="10" type="stmt"/>
        <line num="14" count="10" type="stmt"/>
        <line num="15" count="10" type="stmt"/>
        <line num="16" count="10" type="cond" truecount="1" falsecount="0"/>
        <line num="17" count="10" type="cond" truecount="1" falsecount="0"/>
        <line num="18" count="8" type="cond" truecount="2" falsecount="0"/>
        <line num="19" count="8" type="stmt"/>
        <line num="20" count="10" type="stmt"/>
        <line num="21" count="10" type="stmt"/>
        <line num="23" count="10" type="stmt"/>
        <line num="25" count="1" type="stmt"/>
      </file>
      <file name="TermsAndConditions.tsx" path="/home/rasoul/dev/learning/react-vitest/src/components/TermsAndConditions.tsx">
        <metrics statements="24" coveredstatements="24" conditionals="2" coveredconditionals="2" methods="2" coveredmethods="2"/>
        <line num="1" count="1" type="stmt"/>
        <line num="3" count="1" type="cond" truecount="1" falsecount="0"/>
        <line num="4" count="3" type="stmt"/>
        <line num="6" count="3" type="stmt"/>
        <line num="7" count="3" type="stmt"/>
        <line num="8" count="3" type="stmt"/>
        <line num="9" count="3" type="stmt"/>
        <line num="12" count="3" type="stmt"/>
        <line num="13" count="3" type="stmt"/>
        <line num="14" count="3" type="stmt"/>
        <line num="15" count="3" type="stmt"/>
        <line num="16" count="3" type="stmt"/>
        <line num="17" count="3" type="stmt"/>
        <line num="18" count="3" type="stmt"/>
        <line num="19" count="3" type="cond" truecount="1" falsecount="0"/>
        <line num="20" count="3" type="stmt"/>
        <line num="21" count="3" type="stmt"/>
        <line num="23" count="3" type="stmt"/>
        <line num="24" count="3" type="stmt"/>
        <line num="25" count="3" type="stmt"/>
        <line num="27" count="3" type="stmt"/>
        <line num="28" count="3" type="stmt"/>
        <line num="30" count="3" type="stmt"/>
        <line num="32" count="1" type="stmt"/>
      </file>
      <file name="UserAccount.tsx" path="/home/rasoul/dev/learning/react-vitest/src/components/UserAccount.tsx">
        <metrics statements="12" coveredstatements="12" conditionals="2" coveredconditionals="2" methods="1" coveredmethods="1"/>
        <line num="1" count="1" type="stmt"/>
        <line num="4" count="1" type="cond" truecount="1" falsecount="0"/>
        <line num="5" count="3" type="stmt"/>
        <line num="6" count="3" type="stmt"/>
        <line num="7" count="3" type="stmt"/>
        <line num="8" count="3" type="cond" truecount="1" falsecount="0"/>
        <line num="9" count="3" type="stmt"/>
        <line num="10" count="3" type="stmt"/>
        <line num="11" count="3" type="stmt"/>
        <line num="12" count="3" type="stmt"/>
        <line num="14" count="3" type="stmt"/>
        <line num="16" count="1" type="stmt"/>
      </file>
    </package>
  </project>
</coverage>
