{"/home/rasoul/dev/learning/react-vitest/src/App.tsx": {"path":"/home/rasoul/dev/learning/react-vitest/src/App.tsx","all":true,"statementMap":{"0":{"start":{"line":1,"column":0},"end":{"line":1,"column":32}},"1":{"start":{"line":2,"column":0},"end":{"line":2,"column":42}},"2":{"start":{"line":3,"column":0},"end":{"line":3,"column":32}},"3":{"start":{"line":4,"column":0},"end":{"line":4,"column":18}},"5":{"start":{"line":6,"column":0},"end":{"line":6,"column":16}},"6":{"start":{"line":7,"column":0},"end":{"line":7,"column":39}},"8":{"start":{"line":9,"column":0},"end":{"line":9,"column":10}},"9":{"start":{"line":10,"column":0},"end":{"line":10,"column":6}},"10":{"start":{"line":11,"column":0},"end":{"line":11,"column":11}},"11":{"start":{"line":12,"column":0},"end":{"line":12,"column":53}},"12":{"start":{"line":13,"column":0},"end":{"line":13,"column":65}},"13":{"start":{"line":14,"column":0},"end":{"line":14,"column":12}},"14":{"start":{"line":15,"column":0},"end":{"line":15,"column":52}},"15":{"start":{"line":16,"column":0},"end":{"line":16,"column":73}},"16":{"start":{"line":17,"column":0},"end":{"line":17,"column":12}},"17":{"start":{"line":18,"column":0},"end":{"line":18,"column":12}},"18":{"start":{"line":19,"column":0},"end":{"line":19,"column":27}},"19":{"start":{"line":20,"column":0},"end":{"line":20,"column":28}},"20":{"start":{"line":21,"column":0},"end":{"line":21,"column":63}},"21":{"start":{"line":22,"column":0},"end":{"line":22,"column":26}},"22":{"start":{"line":23,"column":0},"end":{"line":23,"column":17}},"23":{"start":{"line":24,"column":0},"end":{"line":24,"column":11}},"24":{"start":{"line":25,"column":0},"end":{"line":25,"column":60}},"25":{"start":{"line":26,"column":0},"end":{"line":26,"column":12}},"26":{"start":{"line":27,"column":0},"end":{"line":27,"column":12}},"27":{"start":{"line":28,"column":0},"end":{"line":28,"column":35}},"29":{"start":{"line":30,"column":0},"end":{"line":30,"column":10}},"30":{"start":{"line":31,"column":0},"end":{"line":31,"column":7}},"32":{"start":{"line":33,"column":0},"end":{"line":33,"column":1}},"34":{"start":{"line":35,"column":0},"end":{"line":35,"column":18}}},"s":{"0":0,"1":0,"2":0,"3":0,"5":0,"6":0,"8":0,"9":0,"10":0,"11":0,"12":0,"13":0,"14":0,"15":0,"16":0,"17":0,"18":0,"19":0,"20":0,"21":0,"22":0,"23":0,"24":0,"25":0,"26":0,"27":0,"29":0,"30":0,"32":0,"34":0},"branchMap":{"0":{"type":"branch","line":1,"loc":{"start":{"line":1,"column":0},"end":{"line":35,"column":-604}},"locations":[{"start":{"line":1,"column":0},"end":{"line":35,"column":-604}}]}},"b":{"0":[0]},"fnMap":{"0":{"name":"(empty-report)","decl":{"start":{"line":1,"column":0},"end":{"line":35,"column":-604}},"loc":{"start":{"line":1,"column":0},"end":{"line":35,"column":-604}},"line":1}},"f":{"0":0}}
,"/home/rasoul/dev/learning/react-vitest/src/entities.ts": {"path":"/home/rasoul/dev/learning/react-vitest/src/entities.ts","all":true,"statementMap":{},"s":{},"branchMap":{"0":{"type":"branch","line":1,"loc":{"start":{"line":1,"column":262},"end":{"line":17,"column":4}},"locations":[{"start":{"line":1,"column":262},"end":{"line":17,"column":4}}]}},"b":{"0":[1]},"fnMap":{"0":{"name":"(empty-report)","decl":{"start":{"line":1,"column":262},"end":{"line":17,"column":4}},"loc":{"start":{"line":1,"column":262},"end":{"line":17,"column":4}},"line":1}},"f":{"0":1}}
,"/home/rasoul/dev/learning/react-vitest/src/main.tsx": {"path":"/home/rasoul/dev/learning/react-vitest/src/main.tsx","all":true,"statementMap":{"0":{"start":{"line":1,"column":0},"end":{"line":1,"column":34}},"1":{"start":{"line":2,"column":0},"end":{"line":2,"column":45}},"2":{"start":{"line":3,"column":0},"end":{"line":3,"column":27}},"3":{"start":{"line":4,"column":0},"end":{"line":4,"column":20}},"5":{"start":{"line":6,"column":0},"end":{"line":6,"column":52}},"6":{"start":{"line":7,"column":0},"end":{"line":7,"column":14}},"7":{"start":{"line":8,"column":0},"end":{"line":8,"column":11}},"8":{"start":{"line":9,"column":0},"end":{"line":9,"column":16}},"9":{"start":{"line":10,"column":0},"end":{"line":10,"column":1}}},"s":{"0":0,"1":0,"2":0,"3":0,"5":0,"6":0,"7":0,"8":0,"9":0},"branchMap":{"0":{"type":"branch","line":1,"loc":{"start":{"line":1,"column":229},"end":{"line":10,"column":1}},"locations":[{"start":{"line":1,"column":229},"end":{"line":10,"column":1}}]}},"b":{"0":[0]},"fnMap":{"0":{"name":"(empty-report)","decl":{"start":{"line":1,"column":229},"end":{"line":10,"column":1}},"loc":{"start":{"line":1,"column":229},"end":{"line":10,"column":1}},"line":1}},"f":{"0":0}}
,"/home/rasoul/dev/learning/react-vitest/src/components/Greet.tsx": {"path":"/home/rasoul/dev/learning/react-vitest/src/components/Greet.tsx","all":false,"statementMap":{"0":{"start":{"line":1,"column":0},"end":{"line":1,"column":56}},"1":{"start":{"line":2,"column":0},"end":{"line":2,"column":41}},"2":{"start":{"line":3,"column":0},"end":{"line":3,"column":46}},"3":{"start":{"line":4,"column":0},"end":{"line":4,"column":1}}},"s":{"0":2,"1":2,"2":1,"3":1},"branchMap":{"0":{"type":"branch","line":1,"loc":{"start":{"line":1,"column":0},"end":{"line":4,"column":1}},"locations":[{"start":{"line":1,"column":0},"end":{"line":4,"column":1}}]},"1":{"type":"branch","line":2,"loc":{"start":{"line":2,"column":12},"end":{"line":4,"column":1}},"locations":[{"start":{"line":2,"column":12},"end":{"line":4,"column":1}}]}},"b":{"0":[2],"1":[1]},"fnMap":{"0":{"name":"Greet","decl":{"start":{"line":1,"column":0},"end":{"line":4,"column":1}},"loc":{"start":{"line":1,"column":0},"end":{"line":4,"column":1}},"line":1}},"f":{"0":2}}
,"/home/rasoul/dev/learning/react-vitest/src/components/ImageGallery.tsx": {"path":"/home/rasoul/dev/learning/react-vitest/src/components/ImageGallery.tsx","all":false,"statementMap":{"0":{"start":{"line":1,"column":0},"end":{"line":1,"column":73}},"1":{"start":{"line":2,"column":0},"end":{"line":2,"column":41}},"2":{"start":{"line":3,"column":0},"end":{"line":3,"column":10}},"3":{"start":{"line":4,"column":0},"end":{"line":4,"column":26}},"4":{"start":{"line":5,"column":0},"end":{"line":5,"column":48}},"5":{"start":{"line":6,"column":0},"end":{"line":6,"column":6}},"7":{"start":{"line":8,"column":0},"end":{"line":8,"column":1}}},"s":{"0":2,"1":2,"2":2,"3":2,"4":2,"5":2,"7":2},"branchMap":{"0":{"type":"branch","line":1,"loc":{"start":{"line":1,"column":0},"end":{"line":8,"column":1}},"locations":[{"start":{"line":1,"column":0},"end":{"line":8,"column":1}}]},"1":{"type":"branch","line":2,"loc":{"start":{"line":2,"column":7},"end":{"line":2,"column":27}},"locations":[{"start":{"line":2,"column":7},"end":{"line":2,"column":27}}]},"2":{"type":"branch","line":2,"loc":{"start":{"line":2,"column":30},"end":{"line":2,"column":41}},"locations":[{"start":{"line":2,"column":30},"end":{"line":2,"column":41}}]},"3":{"type":"branch","line":4,"loc":{"start":{"line":4,"column":4},"end":{"line":4,"column":17}},"locations":[{"start":{"line":4,"column":4},"end":{"line":4,"column":17}}]},"4":{"type":"branch","line":4,"loc":{"start":{"line":4,"column":17},"end":{"line":5,"column":48}},"locations":[{"start":{"line":4,"column":17},"end":{"line":5,"column":48}}]}},"b":{"0":[2],"1":[1],"2":[0],"3":[1],"4":[2]},"fnMap":{"0":{"name":"ImageGallery","decl":{"start":{"line":1,"column":0},"end":{"line":8,"column":1}},"loc":{"start":{"line":1,"column":0},"end":{"line":8,"column":1}},"line":1}},"f":{"0":2}}
,"/home/rasoul/dev/learning/react-vitest/src/components/LoginForm.tsx": {"path":"/home/rasoul/dev/learning/react-vitest/src/components/LoginForm.tsx","all":false,"statementMap":{"0":{"start":{"line":1,"column":0},"end":{"line":1,"column":33}},"7":{"start":{"line":8,"column":0},"end":{"line":8,"column":25}},"9":{"start":{"line":10,"column":0},"end":{"line":10,"column":53}},"10":{"start":{"line":11,"column":0},"end":{"line":11,"column":17}},"11":{"start":{"line":12,"column":0},"end":{"line":12,"column":16}},"12":{"start":{"line":13,"column":0},"end":{"line":13,"column":5}},"14":{"start":{"line":15,"column":0},"end":{"line":15,"column":31}},"15":{"start":{"line":16,"column":0},"end":{"line":16,"column":15}},"16":{"start":{"line":17,"column":0},"end":{"line":17,"column":18}},"17":{"start":{"line":18,"column":0},"end":{"line":18,"column":39}},"18":{"start":{"line":19,"column":0},"end":{"line":19,"column":6}},"19":{"start":{"line":20,"column":0},"end":{"line":20,"column":3}},"25":{"start":{"line":26,"column":0},"end":{"line":26,"column":10}},"26":{"start":{"line":27,"column":0},"end":{"line":27,"column":10}},"27":{"start":{"line":28,"column":0},"end":{"line":28,"column":12}},"28":{"start":{"line":29,"column":0},"end":{"line":29,"column":19}},"29":{"start":{"line":30,"column":0},"end":{"line":30,"column":47}},"30":{"start":{"line":31,"column":0},"end":{"line":31,"column":31}},"31":{"start":{"line":32,"column":0},"end":{"line":32,"column":8}},"32":{"start":{"line":33,"column":0},"end":{"line":33,"column":12}},"33":{"start":{"line":34,"column":0},"end":{"line":34,"column":23}},"34":{"start":{"line":35,"column":0},"end":{"line":35,"column":30}},"35":{"start":{"line":36,"column":0},"end":{"line":36,"column":31}},"36":{"start":{"line":37,"column":0},"end":{"line":37,"column":8}},"37":{"start":{"line":38,"column":0},"end":{"line":38,"column":48}},"38":{"start":{"line":39,"column":0},"end":{"line":39,"column":11}},"40":{"start":{"line":41,"column":0},"end":{"line":41,"column":2}},"42":{"start":{"line":43,"column":0},"end":{"line":43,"column":25}}},"s":{"0":1,"7":1,"9":25,"10":25,"11":25,"12":25,"14":25,"15":22,"16":22,"17":22,"18":22,"19":22,"25":25,"26":25,"27":25,"28":25,"29":25,"30":25,"31":25,"32":25,"33":25,"34":25,"35":25,"36":25,"37":25,"38":25,"40":25,"42":1},"branchMap":{"0":{"type":"branch","line":8,"loc":{"start":{"line":8,"column":18},"end":{"line":41,"column":2}},"locations":[{"start":{"line":8,"column":18},"end":{"line":41,"column":2}}]},"1":{"type":"branch","line":15,"loc":{"start":{"line":15,"column":23},"end":{"line":20,"column":3}},"locations":[{"start":{"line":15,"column":23},"end":{"line":20,"column":3}}]}},"b":{"0":[25],"1":[22]},"fnMap":{"0":{"name":"LoginForm","decl":{"start":{"line":8,"column":18},"end":{"line":41,"column":2}},"loc":{"start":{"line":8,"column":18},"end":{"line":41,"column":2}},"line":8},"1":{"name":"inputHandler","decl":{"start":{"line":15,"column":23},"end":{"line":20,"column":3}},"loc":{"start":{"line":15,"column":23},"end":{"line":20,"column":3}},"line":15}},"f":{"0":25,"1":22}}
,"/home/rasoul/dev/learning/react-vitest/src/components/SearchBox.tsx": {"path":"/home/rasoul/dev/learning/react-vitest/src/components/SearchBox.tsx","all":false,"statementMap":{"0":{"start":{"line":1,"column":0},"end":{"line":1,"column":33}},"6":{"start":{"line":7,"column":0},"end":{"line":7,"column":44}},"7":{"start":{"line":8,"column":0},"end":{"line":8,"column":51}},"9":{"start":{"line":10,"column":0},"end":{"line":10,"column":10}},"10":{"start":{"line":11,"column":0},"end":{"line":11,"column":9}},"11":{"start":{"line":12,"column":0},"end":{"line":12,"column":12}},"12":{"start":{"line":13,"column":0},"end":{"line":13,"column":19}},"13":{"start":{"line":14,"column":0},"end":{"line":14,"column":31}},"14":{"start":{"line":15,"column":0},"end":{"line":15,"column":25}},"15":{"start":{"line":16,"column":0},"end":{"line":16,"column":55}},"16":{"start":{"line":17,"column":0},"end":{"line":17,"column":27}},"17":{"start":{"line":18,"column":0},"end":{"line":18,"column":68}},"18":{"start":{"line":19,"column":0},"end":{"line":19,"column":10}},"19":{"start":{"line":20,"column":0},"end":{"line":20,"column":8}},"20":{"start":{"line":21,"column":0},"end":{"line":21,"column":10}},"22":{"start":{"line":23,"column":0},"end":{"line":23,"column":2}},"24":{"start":{"line":25,"column":0},"end":{"line":25,"column":25}}},"s":{"0":1,"6":1,"7":10,"9":10,"10":10,"11":10,"12":10,"13":10,"14":10,"15":10,"16":10,"17":8,"18":8,"19":10,"20":10,"22":10,"24":1},"branchMap":{"0":{"type":"branch","line":7,"loc":{"start":{"line":7,"column":18},"end":{"line":23,"column":2}},"locations":[{"start":{"line":7,"column":18},"end":{"line":23,"column":2}}]},"1":{"type":"branch","line":16,"loc":{"start":{"line":16,"column":18},"end":{"line":16,"column":55}},"locations":[{"start":{"line":16,"column":18},"end":{"line":16,"column":55}}]},"2":{"type":"branch","line":17,"loc":{"start":{"line":17,"column":19},"end":{"line":19,"column":10}},"locations":[{"start":{"line":17,"column":19},"end":{"line":19,"column":10}}]},"3":{"type":"branch","line":18,"loc":{"start":{"line":18,"column":24},"end":{"line":18,"column":47}},"locations":[{"start":{"line":18,"column":24},"end":{"line":18,"column":47}}]},"4":{"type":"branch","line":18,"loc":{"start":{"line":18,"column":47},"end":{"line":18,"column":68}},"locations":[{"start":{"line":18,"column":47},"end":{"line":18,"column":68}}]}},"b":{"0":[10],"1":[6],"2":[8],"3":[2],"4":[1]},"fnMap":{"0":{"name":"SearchBox","decl":{"start":{"line":7,"column":18},"end":{"line":23,"column":2}},"loc":{"start":{"line":7,"column":18},"end":{"line":23,"column":2}},"line":7},"1":{"name":"onChange","decl":{"start":{"line":16,"column":18},"end":{"line":16,"column":55}},"loc":{"start":{"line":16,"column":18},"end":{"line":16,"column":55}},"line":16},"2":{"name":"onKeyDown","decl":{"start":{"line":17,"column":19},"end":{"line":19,"column":10}},"loc":{"start":{"line":17,"column":19},"end":{"line":19,"column":10}},"line":17}},"f":{"0":10,"1":6,"2":8}}
,"/home/rasoul/dev/learning/react-vitest/src/components/TermsAndConditions.tsx": {"path":"/home/rasoul/dev/learning/react-vitest/src/components/TermsAndConditions.tsx","all":false,"statementMap":{"0":{"start":{"line":1,"column":0},"end":{"line":1,"column":33}},"2":{"start":{"line":3,"column":0},"end":{"line":3,"column":34}},"3":{"start":{"line":4,"column":0},"end":{"line":4,"column":52}},"5":{"start":{"line":6,"column":0},"end":{"line":6,"column":10}},"6":{"start":{"line":7,"column":0},"end":{"line":7,"column":9}},"7":{"start":{"line":8,"column":0},"end":{"line":8,"column":33}},"8":{"start":{"line":9,"column":0},"end":{"line":9,"column":9}},"11":{"start":{"line":12,"column":0},"end":{"line":12,"column":10}},"12":{"start":{"line":13,"column":0},"end":{"line":13,"column":28}},"13":{"start":{"line":14,"column":0},"end":{"line":14,"column":31}},"14":{"start":{"line":15,"column":0},"end":{"line":15,"column":16}},"15":{"start":{"line":16,"column":0},"end":{"line":16,"column":27}},"16":{"start":{"line":17,"column":0},"end":{"line":17,"column":22}},"17":{"start":{"line":18,"column":0},"end":{"line":18,"column":31}},"18":{"start":{"line":19,"column":0},"end":{"line":19,"column":53}},"19":{"start":{"line":20,"column":0},"end":{"line":20,"column":28}},"20":{"start":{"line":21,"column":0},"end":{"line":21,"column":12}},"22":{"start":{"line":23,"column":0},"end":{"line":23,"column":16}},"23":{"start":{"line":24,"column":0},"end":{"line":24,"column":12}},"24":{"start":{"line":25,"column":0},"end":{"line":25,"column":52}},"26":{"start":{"line":27,"column":0},"end":{"line":27,"column":15}},"27":{"start":{"line":28,"column":0},"end":{"line":28,"column":10}},"29":{"start":{"line":30,"column":0},"end":{"line":30,"column":2}},"31":{"start":{"line":32,"column":0},"end":{"line":32,"column":34}}},"s":{"0":1,"2":1,"3":3,"5":3,"6":3,"7":3,"8":3,"11":3,"12":3,"13":3,"14":3,"15":3,"16":3,"17":3,"18":3,"19":3,"20":3,"22":3,"23":3,"24":3,"26":3,"27":3,"29":3,"31":1},"branchMap":{"0":{"type":"branch","line":3,"loc":{"start":{"line":3,"column":27},"end":{"line":30,"column":2}},"locations":[{"start":{"line":3,"column":27},"end":{"line":30,"column":2}}]},"1":{"type":"branch","line":19,"loc":{"start":{"line":19,"column":22},"end":{"line":19,"column":53}},"locations":[{"start":{"line":19,"column":22},"end":{"line":19,"column":53}}]}},"b":{"0":[3],"1":[1]},"fnMap":{"0":{"name":"TermsAndConditions","decl":{"start":{"line":3,"column":27},"end":{"line":30,"column":2}},"loc":{"start":{"line":3,"column":27},"end":{"line":30,"column":2}},"line":3},"1":{"name":"onChange","decl":{"start":{"line":19,"column":22},"end":{"line":19,"column":53}},"loc":{"start":{"line":19,"column":22},"end":{"line":19,"column":53}},"line":19}},"f":{"0":3,"1":1}}
,"/home/rasoul/dev/learning/react-vitest/src/components/UserAccount.tsx": {"path":"/home/rasoul/dev/learning/react-vitest/src/components/UserAccount.tsx","all":false,"statementMap":{"0":{"start":{"line":1,"column":0},"end":{"line":1,"column":26}},"3":{"start":{"line":4,"column":0},"end":{"line":4,"column":51}},"4":{"start":{"line":5,"column":0},"end":{"line":5,"column":12}},"5":{"start":{"line":6,"column":0},"end":{"line":6,"column":8}},"6":{"start":{"line":7,"column":0},"end":{"line":7,"column":29}},"7":{"start":{"line":8,"column":0},"end":{"line":8,"column":47}},"8":{"start":{"line":9,"column":0},"end":{"line":9,"column":13}},"9":{"start":{"line":10,"column":0},"end":{"line":10,"column":44}},"10":{"start":{"line":11,"column":0},"end":{"line":11,"column":14}},"11":{"start":{"line":12,"column":0},"end":{"line":12,"column":9}},"13":{"start":{"line":14,"column":0},"end":{"line":14,"column":4}},"15":{"start":{"line":16,"column":0},"end":{"line":16,"column":29}}},"s":{"0":1,"3":1,"4":3,"5":3,"6":3,"7":3,"8":3,"9":3,"10":3,"11":3,"13":3,"15":1},"branchMap":{"0":{"type":"branch","line":4,"loc":{"start":{"line":4,"column":20},"end":{"line":14,"column":4}},"locations":[{"start":{"line":4,"column":20},"end":{"line":14,"column":4}}]},"1":{"type":"branch","line":8,"loc":{"start":{"line":8,"column":14},"end":{"line":8,"column":47}},"locations":[{"start":{"line":8,"column":14},"end":{"line":8,"column":47}}]}},"b":{"0":[3],"1":[2]},"fnMap":{"0":{"name":"UserAccount","decl":{"start":{"line":4,"column":20},"end":{"line":14,"column":4}},"loc":{"start":{"line":4,"column":20},"end":{"line":14,"column":4}},"line":4}},"f":{"0":3}}
}
